<?xml version="1.0" encoding="UTF-8"?>
<!-- Generated by org.testng.reporters.JUnitReportReporter -->
<testsuite hostname="BDC11-L-G35RTN2" failures="0" tests="10" name="com.Test.RegisterSession_Location" time="4.900" errors="2" timestamp="02 Apr 2021 07:02:08 GMT" skipped="8">
  <testcase classname="com.Test.RegisterSession_Location" name="NewSession" time="0.000">
    <skipped/>
  </testcase> <!-- NewSession -->
  <testcase classname="com.Test.RegisterSession_Location" name="initializeDriver" time="4.900">
    <error message="session not created: This version of ChromeDriver only supports Chrome version 87
Current browser version is 89.0.4389.114 with binary path C:\Program Files\Google\Chrome\Application\chrome.exe
Build info: version: &#039;3.12.0&#039;, revision: &#039;7c6e0b3&#039;, time: &#039;2018-05-08T14:04:26.12Z&#039;
System info: host: &#039;BDC11-L-G35RTN2&#039;, ip: &#039;10.100.74.70&#039;, os.name: &#039;Windows 10&#039;, os.arch: &#039;amd64&#039;, os.version: &#039;10.0&#039;, java.version: &#039;14.0.2&#039;
Driver info: driver.version: ChromeDriver
remote stacktrace: Backtrace:
	Ordinal0 [0x00D4C0C3+3326147]
	Ordinal0 [0x00C30851+2164817]
	Ordinal0 [0x00AB7298+619160]
	Ordinal0 [0x00A31D92+73106]
	Ordinal0 [0x00A2E119+57625]
	Ordinal0 [0x00A2C38A+50058]
	Ordinal0 [0x00A55F3E+220990]
	Ordinal0 [0x00A55CAC+220332]
	Ordinal0 [0x00A5189B+202907]
	Ordinal0 [0x00A33DF4+81396]
	Ordinal0 [0x00A34DEE+85486]
	Ordinal0 [0x00A34D79+85369]
	Ordinal0 [0x00C485DC+2262492]
	GetHandleVerifier [0x00ED2874+1487204]
	GetHandleVerifier [0x00ED23CD+1486013]
	GetHandleVerifier [0x00EDA368+1518680]
	GetHandleVerifier [0x00ED2F4E+1488958]
	Ordinal0 [0x00C3ED0D+2223373]
	Ordinal0 [0x00C4A12B+2269483]
	Ordinal0 [0x00C4A26F+2269807]
	Ordinal0 [0x00C5ECB8+2354360]
	BaseThreadInitThunk [0x75B26359+25]
	RtlGetAppContainerNamedObjectPath [0x778E8944+228]
	RtlGetAppContainerNamedObjectPath [0x778E8914+180]
" type="org.openqa.selenium.SessionNotCreatedException">
      <![CDATA[org.openqa.selenium.SessionNotCreatedException: session not created: This version of ChromeDriver only supports Chrome version 87
Current browser version is 89.0.4389.114 with binary path C:\Program Files\Google\Chrome\Application\chrome.exe
Build info: version: '3.12.0', revision: '7c6e0b3', time: '2018-05-08T14:04:26.12Z'
System info: host: 'BDC11-L-G35RTN2', ip: '10.100.74.70', os.name: 'Windows 10', os.arch: 'amd64', os.version: '10.0', java.version: '14.0.2'
Driver info: driver.version: ChromeDriver
remote stacktrace: Backtrace:
Ordinal0 [0x00D4C0C3+3326147]
Ordinal0 [0x00C30851+2164817]
Ordinal0 [0x00AB7298+619160]
Ordinal0 [0x00A31D92+73106]
Ordinal0 [0x00A2E119+57625]
Ordinal0 [0x00A2C38A+50058]
Ordinal0 [0x00A55F3E+220990]
Ordinal0 [0x00A55CAC+220332]
Ordinal0 [0x00A5189B+202907]
Ordinal0 [0x00A33DF4+81396]
Ordinal0 [0x00A34DEE+85486]
Ordinal0 [0x00A34D79+85369]
Ordinal0 [0x00C485DC+2262492]
GetHandleVerifier [0x00ED2874+1487204]
GetHandleVerifier [0x00ED23CD+1486013]
GetHandleVerifier [0x00EDA368+1518680]
GetHandleVerifier [0x00ED2F4E+1488958]
Ordinal0 [0x00C3ED0D+2223373]
Ordinal0 [0x00C4A12B+2269483]
Ordinal0 [0x00C4A26F+2269807]
Ordinal0 [0x00C5ECB8+2354360]
BaseThreadInitThunk [0x75B26359+25]
RtlGetAppContainerNamedObjectPath [0x778E8944+228]
RtlGetAppContainerNamedObjectPath [0x778E8914+180]

at java.base/jdk.internal.reflect.NativeConstructorAccessorImpl.newInstance0(Native Method)
at java.base/jdk.internal.reflect.NativeConstructorAccessorImpl.newInstance(NativeConstructorAccessorImpl.java:62)
at java.base/jdk.internal.reflect.DelegatingConstructorAccessorImpl.newInstance(DelegatingConstructorAccessorImpl.java:45)
at java.base/java.lang.reflect.Constructor.newInstanceWithCaller(Constructor.java:500)
at java.base/java.lang.reflect.Constructor.newInstance(Constructor.java:481)
at org.openqa.selenium.remote.W3CHandshakeResponse.lambda$new$0(W3CHandshakeResponse.java:57)
at org.openqa.selenium.remote.W3CHandshakeResponse.lambda$getResponseFunction$2(W3CHandshakeResponse.java:104)
at org.openqa.selenium.remote.ProtocolHandshake.lambda$createSession$0(ProtocolHandshake.java:123)
at java.base/java.util.stream.ReferencePipeline$3$1.accept(ReferencePipeline.java:195)
at java.base/java.util.Spliterators$ArraySpliterator.tryAdvance(Spliterators.java:958)
at java.base/java.util.stream.ReferencePipeline.forEachWithCancel(ReferencePipeline.java:127)
at java.base/java.util.stream.AbstractPipeline.copyIntoWithCancel(AbstractPipeline.java:502)
at java.base/java.util.stream.AbstractPipeline.copyInto(AbstractPipeline.java:488)
at java.base/java.util.stream.AbstractPipeline.wrapAndCopyInto(AbstractPipeline.java:474)
at java.base/java.util.stream.FindOps$FindOp.evaluateSequential(FindOps.java:150)
at java.base/java.util.stream.AbstractPipeline.evaluate(AbstractPipeline.java:234)
at java.base/java.util.stream.ReferencePipeline.findFirst(ReferencePipeline.java:543)
at org.openqa.selenium.remote.ProtocolHandshake.createSession(ProtocolHandshake.java:126)
at org.openqa.selenium.remote.ProtocolHandshake.createSession(ProtocolHandshake.java:73)
at org.openqa.selenium.remote.HttpCommandExecutor.execute(HttpCommandExecutor.java:136)
at org.openqa.selenium.remote.service.DriverCommandExecutor.execute(DriverCommandExecutor.java:83)
at org.openqa.selenium.remote.RemoteWebDriver.execute(RemoteWebDriver.java:543)
at org.openqa.selenium.remote.RemoteWebDriver.startSession(RemoteWebDriver.java:207)
at org.openqa.selenium.remote.RemoteWebDriver.<init>(RemoteWebDriver.java:130)
at org.openqa.selenium.chrome.ChromeDriver.<init>(ChromeDriver.java:181)
at org.openqa.selenium.chrome.ChromeDriver.<init>(ChromeDriver.java:147)
at com.Utility.BrowserFactory.browserSelection(BrowserFactory.java:55)
at com.Test.AccenLoginTest.initializeDriver(AccenLoginTest.java:48)
at java.base/jdk.internal.reflect.NativeMethodAccessorImpl.invoke0(Native Method)
at java.base/jdk.internal.reflect.NativeMethodAccessorImpl.invoke(NativeMethodAccessorImpl.java:62)
at java.base/jdk.internal.reflect.DelegatingMethodAccessorImpl.invoke(DelegatingMethodAccessorImpl.java:43)
at java.base/java.lang.reflect.Method.invoke(Method.java:564)
at org.testng.internal.MethodInvocationHelper.invokeMethod(MethodInvocationHelper.java:124)
at org.testng.internal.MethodInvocationHelper.invokeMethodConsideringTimeout(MethodInvocationHelper.java:59)
at org.testng.internal.Invoker.invokeConfigurationMethod(Invoker.java:458)
at org.testng.internal.Invoker.invokeConfigurations(Invoker.java:222)
at org.testng.internal.Invoker.invokeConfigurations(Invoker.java:142)
at org.testng.internal.TestMethodWorker.invokeBeforeClassMethods(TestMethodWorker.java:168)
at org.testng.internal.TestMethodWorker.run(TestMethodWorker.java:105)
at org.testng.TestRunner.privateRun(TestRunner.java:648)
at org.testng.TestRunner.run(TestRunner.java:505)
at org.testng.SuiteRunner.runTest(SuiteRunner.java:455)
at org.testng.SuiteRunner.runSequentially(SuiteRunner.java:450)
at org.testng.SuiteRunner.privateRun(SuiteRunner.java:415)
at org.testng.SuiteRunner.run(SuiteRunner.java:364)
at org.testng.SuiteRunnerWorker.runSuite(SuiteRunnerWorker.java:52)
at org.testng.SuiteRunnerWorker.run(SuiteRunnerWorker.java:84)
at org.testng.TestNG.runSuitesSequentially(TestNG.java:1208)
at org.testng.TestNG.runSuitesLocally(TestNG.java:1137)
at org.testng.TestNG.runSuites(TestNG.java:1049)
at org.testng.TestNG.run(TestNG.java:1017)
at org.testng.remote.AbstractRemoteTestNG.run(AbstractRemoteTestNG.java:115)
at org.testng.remote.RemoteTestNG.initAndRun(RemoteTestNG.java:251)
at org.testng.remote.RemoteTestNG.main(RemoteTestNG.java:77)
]]>
    </error>
  </testcase> <!-- initializeDriver -->
  <testcase classname="com.Test.RegisterSession_Location" name="CancelRegisterSession" time="0.000">
    <skipped/>
  </testcase> <!-- CancelRegisterSession -->
  <testcase classname="com.Test.RegisterSession_Location" name="RegisterSessionLocation" time="0.000">
    <skipped/>
  </testcase> <!-- RegisterSessionLocation -->
  <testcase classname="com.Test.RegisterSession_Location" name="closeBrowser" time="0.000">
    <error message="Cannot invoke &quot;org.openqa.selenium.WebDriver.quit()&quot; because &quot;this.driver&quot; is null" type="java.lang.NullPointerException">
      <![CDATA[java.lang.NullPointerException: Cannot invoke "org.openqa.selenium.WebDriver.quit()" because "this.driver" is null
at com.Test.AccenLoginTest.closeBrowser(AccenLoginTest.java:110)
at java.base/jdk.internal.reflect.NativeMethodAccessorImpl.invoke0(Native Method)
at java.base/jdk.internal.reflect.NativeMethodAccessorImpl.invoke(NativeMethodAccessorImpl.java:62)
at java.base/jdk.internal.reflect.DelegatingMethodAccessorImpl.invoke(DelegatingMethodAccessorImpl.java:43)
at java.base/java.lang.reflect.Method.invoke(Method.java:564)
at org.testng.internal.MethodInvocationHelper.invokeMethod(MethodInvocationHelper.java:124)
at org.testng.internal.MethodInvocationHelper.invokeMethodConsideringTimeout(MethodInvocationHelper.java:59)
at org.testng.internal.Invoker.invokeConfigurationMethod(Invoker.java:458)
at org.testng.internal.Invoker.invokeConfigurations(Invoker.java:222)
at org.testng.internal.Invoker.invokeConfigurations(Invoker.java:142)
at org.testng.TestRunner.afterRun(TestRunner.java:725)
at org.testng.TestRunner.run(TestRunner.java:509)
at org.testng.SuiteRunner.runTest(SuiteRunner.java:455)
at org.testng.SuiteRunner.runSequentially(SuiteRunner.java:450)
at org.testng.SuiteRunner.privateRun(SuiteRunner.java:415)
at org.testng.SuiteRunner.run(SuiteRunner.java:364)
at org.testng.SuiteRunnerWorker.runSuite(SuiteRunnerWorker.java:52)
at org.testng.SuiteRunnerWorker.run(SuiteRunnerWorker.java:84)
at org.testng.TestNG.runSuitesSequentially(TestNG.java:1208)
at org.testng.TestNG.runSuitesLocally(TestNG.java:1137)
at org.testng.TestNG.runSuites(TestNG.java:1049)
at org.testng.TestNG.run(TestNG.java:1017)
at org.testng.remote.AbstractRemoteTestNG.run(AbstractRemoteTestNG.java:115)
at org.testng.remote.RemoteTestNG.initAndRun(RemoteTestNG.java:251)
at org.testng.remote.RemoteTestNG.main(RemoteTestNG.java:77)
]]>
    </error>
  </testcase> <!-- closeBrowser -->
  <testcase classname="com.Test.RegisterSession_Location" name="RegisterSessionWorkFlow" time="0.000">
    <skipped/>
  </testcase> <!-- RegisterSessionWorkFlow -->
  <testcase classname="com.Test.RegisterSession_Location" name="RegisteredByAdminScreen" time="0.000">
    <skipped/>
  </testcase> <!-- RegisteredByAdminScreen -->
  <testcase classname="com.Test.RegisterSession_Location" name="CancelRegisterSessionLocation" time="0.000">
    <skipped/>
  </testcase> <!-- CancelRegisterSessionLocation -->
  <testcase classname="com.Test.RegisterSession_Location" name="login" time="0.000">
    <skipped/>
  </testcase> <!-- login -->
  <testcase classname="com.Test.RegisterSession_Location" name="RegisteredSession_UpcomingSession" time="0.000">
    <skipped/>
  </testcase> <!-- RegisteredSession_UpcomingSession -->
</testsuite> <!-- com.Test.RegisterSession_Location -->
